<?xml version="1.0" encoding="UTF-8"?>
<testsuite xmlns:xsi="http://www.w3.org/2001/XMLSchema-instance" xsi:noNamespaceSchemaLocation="https://maven.apache.org/surefire/maven-surefire-plugin/xsd/surefire-test-report.xsd" name="TestSuite" time="331.867" tests="6" errors="0" skipped="0" failures="0">
  <properties>
[...]
</properties>
  <testcase name="iGateApplyLeaveTest" classname="com.igate.qa.testcases.ApplyLeaveTest" time="112.085"/>
  <testcase name="iGateCancelLeaveTest" classname="com.igate.qa.testcases.CancelLeaveTest" time="86.176"/>
  <testcase name="loginPageTitleTest" classname="com.igate.qa.testcases.LoginPageTest" time="0.005"/>
  <testcase name="iGateModifyLeaveTest" classname="com.igate.qa.testcases.ModifyLeaveTest" time="79.703"/>
  <testcase name="loginLogoImageTest" classname="com.igate.qa.testcases.LoginPageTest" time="0.035"/>
  <testcase name="loginTest" classname="com.igate.qa.testcases.LoginPageTest" time="11.84"/>
</testsuite>