<?xml version="1.0" encoding="UTF-8"?>
<testng-results skipped="0" failed="0" ignored="0" total="6" passed="6">
  <reporter-output>
  </reporter-output>
  <suite name="Surefire suite" duration-ms="329816" started-at="2018-12-16T07:44:48Z" finished-at="2018-12-16T07:50:18Z">
    <groups>
    </groups>
    <test name="Surefire test" duration-ms="329816" started-at="2018-12-16T07:44:48Z" finished-at="2018-12-16T07:50:18Z">
      <class name="com.igate.qa.testcases.ApplyLeaveTest">
        <test-method status="PASS" signature="setup()[pri:0, instance:com.igate.qa.testcases.ApplyLeaveTest@33d512c1]" name="setup" is-config="true" duration-ms="7055" started-at="2018-12-16T07:44:48Z" finished-at="2018-12-16T07:44:55Z">
          <reporter-output>
          </reporter-output>
        </test-method> <!-- setup -->
        <test-method status="PASS" signature="iGateApplyLeaveTest()[pri:1, instance:com.igate.qa.testcases.ApplyLeaveTest@33d512c1]" name="iGateApplyLeaveTest" duration-ms="112116" started-at="2018-12-16T07:44:55Z" finished-at="2018-12-16T07:46:47Z">
          <reporter-output>
          </reporter-output>
        </test-method> <!-- iGateApplyLeaveTest -->
        <test-method status="PASS" signature="tearDown()[pri:0, instance:com.igate.qa.testcases.ApplyLeaveTest@33d512c1]" name="tearDown" is-config="true" duration-ms="1017" started-at="2018-12-16T07:46:47Z" finished-at="2018-12-16T07:46:48Z">
          <reporter-output>
          </reporter-output>
        </test-method> <!-- tearDown -->
      </class> <!-- com.igate.qa.testcases.ApplyLeaveTest -->
      <class name="com.igate.qa.testcases.CancelLeaveTest">
        <test-method status="PASS" signature="setup()[pri:0, instance:com.igate.qa.testcases.CancelLeaveTest@515c6049]" name="setup" is-config="true" duration-ms="6481" started-at="2018-12-16T07:46:48Z" finished-at="2018-12-16T07:46:55Z">
          <reporter-output>
          </reporter-output>
        </test-method> <!-- setup -->
        <test-method status="PASS" signature="iGateCancelLeaveTest()[pri:1, instance:com.igate.qa.testcases.CancelLeaveTest@515c6049]" name="iGateCancelLeaveTest" duration-ms="86177" started-at="2018-12-16T07:46:55Z" finished-at="2018-12-16T07:48:21Z">
          <reporter-output>
          </reporter-output>
        </test-method> <!-- iGateCancelLeaveTest -->
        <test-method status="PASS" signature="tearDown()[pri:0, instance:com.igate.qa.testcases.CancelLeaveTest@515c6049]" name="tearDown" is-config="true" duration-ms="813" started-at="2018-12-16T07:48:21Z" finished-at="2018-12-16T07:48:22Z">
          <reporter-output>
          </reporter-output>
        </test-method> <!-- tearDown -->
      </class> <!-- com.igate.qa.testcases.CancelLeaveTest -->
      <class name="com.igate.qa.testcases.ModifyLeaveTest">
        <test-method status="PASS" signature="setup()[pri:0, instance:com.igate.qa.testcases.ModifyLeaveTest@5fe94a96]" name="setup" is-config="true" duration-ms="5214" started-at="2018-12-16T07:48:28Z" finished-at="2018-12-16T07:48:34Z">
          <reporter-output>
          </reporter-output>
        </test-method> <!-- setup -->
        <test-method status="PASS" signature="iGateModifyLeaveTest()[pri:1, instance:com.igate.qa.testcases.ModifyLeaveTest@5fe94a96]" name="iGateModifyLeaveTest" duration-ms="79711" started-at="2018-12-16T07:48:34Z" finished-at="2018-12-16T07:49:53Z">
          <reporter-output>
          </reporter-output>
        </test-method> <!-- iGateModifyLeaveTest -->
        <test-method status="PASS" signature="tearDown()[pri:0, instance:com.igate.qa.testcases.ModifyLeaveTest@5fe94a96]" name="tearDown" is-config="true" duration-ms="714" started-at="2018-12-16T07:49:53Z" finished-at="2018-12-16T07:49:54Z">
          <reporter-output>
          </reporter-output>
        </test-method> <!-- tearDown -->
      </class> <!-- com.igate.qa.testcases.ModifyLeaveTest -->
      <class name="com.igate.qa.testcases.LoginPageTest">
        <test-method status="PASS" signature="setup()[pri:0, instance:com.igate.qa.testcases.LoginPageTest@639c2c1d]" name="setup" is-config="true" duration-ms="5908" started-at="2018-12-16T07:48:22Z" finished-at="2018-12-16T07:48:27Z">
          <reporter-output>
          </reporter-output>
        </test-method> <!-- setup -->
        <test-method status="PASS" signature="loginPageTitleTest()[pri:1, instance:com.igate.qa.testcases.LoginPageTest@639c2c1d]" name="loginPageTitleTest" duration-ms="7" started-at="2018-12-16T07:48:27Z" finished-at="2018-12-16T07:48:27Z">
          <reporter-output>
          </reporter-output>
        </test-method> <!-- loginPageTitleTest -->
        <test-method status="PASS" signature="tearDown()[pri:0, instance:com.igate.qa.testcases.LoginPageTest@639c2c1d]" name="tearDown" is-config="true" duration-ms="868" started-at="2018-12-16T07:48:27Z" finished-at="2018-12-16T07:48:28Z">
          <reporter-output>
          </reporter-output>
        </test-method> <!-- tearDown -->
        <test-method status="PASS" signature="setup()[pri:0, instance:com.igate.qa.testcases.LoginPageTest@639c2c1d]" name="setup" is-config="true" duration-ms="5187" started-at="2018-12-16T07:49:54Z" finished-at="2018-12-16T07:49:59Z">
          <reporter-output>
          </reporter-output>
        </test-method> <!-- setup -->
        <test-method status="PASS" signature="loginLogoImageTest()[pri:2, instance:com.igate.qa.testcases.LoginPageTest@639c2c1d]" name="loginLogoImageTest" duration-ms="35" started-at="2018-12-16T07:49:59Z" finished-at="2018-12-16T07:49:59Z">
          <reporter-output>
          </reporter-output>
        </test-method> <!-- loginLogoImageTest -->
        <test-method status="PASS" signature="tearDown()[pri:0, instance:com.igate.qa.testcases.LoginPageTest@639c2c1d]" name="tearDown" is-config="true" duration-ms="781" started-at="2018-12-16T07:49:59Z" finished-at="2018-12-16T07:50:00Z">
          <reporter-output>
          </reporter-output>
        </test-method> <!-- tearDown -->
        <test-method status="PASS" signature="setup()[pri:0, instance:com.igate.qa.testcases.LoginPageTest@639c2c1d]" name="setup" is-config="true" duration-ms="5081" started-at="2018-12-16T07:50:00Z" finished-at="2018-12-16T07:50:05Z">
          <reporter-output>
          </reporter-output>
        </test-method> <!-- setup -->
        <test-method status="PASS" signature="loginTest()[pri:3, instance:com.igate.qa.testcases.LoginPageTest@639c2c1d]" name="loginTest" duration-ms="11842" started-at="2018-12-16T07:50:05Z" finished-at="2018-12-16T07:50:17Z">
          <reporter-output>
          </reporter-output>
        </test-method> <!-- loginTest -->
        <test-method status="PASS" signature="tearDown()[pri:0, instance:com.igate.qa.testcases.LoginPageTest@639c2c1d]" name="tearDown" is-config="true" duration-ms="773" started-at="2018-12-16T07:50:17Z" finished-at="2018-12-16T07:50:18Z">
          <reporter-output>
          </reporter-output>
        </test-method> <!-- tearDown -->
      </class> <!-- com.igate.qa.testcases.LoginPageTest -->
    </test> <!-- Surefire test -->
  </suite> <!-- Surefire suite -->
</testng-results>
