<?xml version="1.0" encoding="UTF-8"?>
<!-- Generated by org.testng.reporters.JUnitXMLReporter -->
<testsuite hostname="Lenovo-PC" ignored="0" name="Annual Vacation Add-Mod-Del testing" tests="3" failures="0" timestamp="29 Nov 2018 11:46:20 GMT" time="57.34" errors="0">
  <testcase name="loginPageTitleTest" time="0.021" classname="com.igate.qa.testcases.LoginPageTest"/>
  <testcase name="loginLogoImageTest" time="0.047" classname="com.igate.qa.testcases.LoginPageTest"/>
  <testcase name="loginTest" time="32.3" classname="com.igate.qa.testcases.LoginPageTest"/>
</testsuite> <!-- Annual Vacation Add-Mod-Del testing -->
