<?xml version="1.0" encoding="UTF-8"?>
<!-- Generated by org.testng.reporters.JUnitXMLReporter -->
<testsuite hostname="Lenovo-PC" ignored="0" name="Surefire test" tests="6" failures="0" timestamp="16 Dec 2018 07:50:18 GMT" time="329.816" errors="0">
  <testcase name="iGateApplyLeaveTest" time="112.116" classname="com.igate.qa.testcases.ApplyLeaveTest"/>
  <testcase name="iGateCancelLeaveTest" time="86.177" classname="com.igate.qa.testcases.CancelLeaveTest"/>
  <testcase name="loginPageTitleTest" time="0.007" classname="com.igate.qa.testcases.LoginPageTest"/>
  <testcase name="iGateModifyLeaveTest" time="79.711" classname="com.igate.qa.testcases.ModifyLeaveTest"/>
  <testcase name="loginLogoImageTest" time="0.035" classname="com.igate.qa.testcases.LoginPageTest"/>
  <testcase name="loginTest" time="11.842" classname="com.igate.qa.testcases.LoginPageTest"/>
</testsuite> <!-- Surefire test -->
