<?xml version="1.0" encoding="UTF-8"?>
<!-- Generated by org.testng.reporters.JUnitXMLReporter -->
<testsuite hostname="Lenovo-PC" ignored="0" name="LoginTest" tests="3" failures="0" timestamp="16 Dec 2018 06:43:58 GMT" time="28.34" errors="0">
  <testcase name="loginPageTitleTest" time="0.026" classname="com.igate.qa.testcases.LoginPageTest"/>
  <testcase name="loginLogoImageTest" time="0.047" classname="com.igate.qa.testcases.LoginPageTest"/>
  <testcase name="loginTest" time="8.233" classname="com.igate.qa.testcases.LoginPageTest"/>
</testsuite> <!-- LoginTest -->
