<?xml version="1.0" encoding="UTF-8"?>
<!-- Generated by org.testng.reporters.JUnitXMLReporter -->
<testsuite hostname="Lenovo-PC" ignored="0" name="Test" tests="3" failures="0" timestamp="02 Dec 2018 08:06:49 GMT" time="218.86" errors="0">
  <testcase name="iGateApplyLeaveTest" time="79.435" classname="com.igate.qa.testcases.ApplyLeaveTest"/>
  <testcase name="iGateModifyLeaveTest" time="59.57" classname="com.igate.qa.testcases.ModifyLeaveTest"/>
  <testcase name="iGateCancelLeaveTest" time="59.086" classname="com.igate.qa.testcases.CancelLeaveTest"/>
</testsuite> <!-- Test -->
