<?xml version="1.0" encoding="UTF-8"?>
<!-- Generated by org.testng.reporters.JUnitXMLReporter -->
<testsuite hostname="Lenovo-PC" ignored="0" name="Annual Vacation Add-Mod-Del testing" tests="3" failures="0" timestamp="28 Nov 2018 12:07:53 GMT" time="23.862" errors="0">
  <testcase name="loginPageTitleTest" time="0.017" classname="com.igate.qa.testcases.LoginPageTest"/>
  <testcase name="loginLogoImageTest" time="0.075" classname="com.igate.qa.testcases.LoginPageTest"/>
  <testcase name="loginTest" time="4.789" classname="com.igate.qa.testcases.LoginPageTest"/>
</testsuite> <!-- Annual Vacation Add-Mod-Del testing -->
